JvmtiExport can_access_local_variables 0
JvmtiExport can_hotswap_or_post_breakpoint 0
JvmtiExport can_post_on_exceptions 0
# 595 ciObject found
ciMethod java/lang/Object <init> ()V 4097 1 715669 0 96
ciMethod java/lang/Object getClass ()Ljava/lang/Class; 2049 1 256 0 -1
ciMethod java/lang/Object hashCode ()I 5121 1 640 0 -1
ciMethod java/lang/Object equals (Ljava/lang/Object;)Z 2113 1 11369 0 64
ciMethod java/lang/Object clone ()Ljava/lang/Object; 2049 1 256 0 -1
ciMethod java/lang/String equals (Ljava/lang/Object;)Z 4025 16385 3612 0 -1
ciMethod java/lang/String startsWith (Ljava/lang/String;I)Z 4097 2689 5934 0 256
ciMethod java/lang/String startsWith (Ljava/lang/String;)Z 4097 1 121741 0 224
ciMethod java/lang/reflect/AnnotatedElement getDeclaredAnnotations ()[Ljava/lang/annotation/Annotation; 0 0 1 0 -1
ciMethod java/lang/Class isAssignableFrom (Ljava/lang/Class;)Z 2057 1 257 0 -1
ciMethod java/lang/Class isInterface ()Z 2049 1 256 0 -1
ciMethod java/lang/Class isArray ()Z 2049 1 256 0 -1
ciMethod java/lang/Class getName ()Ljava/lang/String; 433 1 92405 0 96
ciMethod java/lang/Class getName0 ()Ljava/lang/String; 3113 1 389 0 -1
ciMethod java/lang/Class getClassLoader0 ()Ljava/lang/ClassLoader; 1025 1 128 0 -1
ciMethod java/lang/Class getSuperclass ()Ljava/lang/Class; 2049 1 256 0 -1
ciMethod java/lang/Class getInterfaces ()[Ljava/lang/Class; 1 1 5184 0 1568
ciMethod java/lang/Class getInterfaces0 ()[Ljava/lang/Class; 4105 1 513 0 -1
ciMethod java/lang/Class getComponentType ()Ljava/lang/Class; 4113 1 514 0 -1
ciMethod java/lang/Class getMethods ()[Ljava/lang/reflect/Method; 233 1 1370 0 0
ciMethod java/lang/Class getDeclaredMethods ()[Ljava/lang/reflect/Method; 865 1 1486 0 0
ciMethod java/lang/Class getDeclaredMethod (Ljava/lang/String;[Ljava/lang/Class;)Ljava/lang/reflect/Method; 2049 1 322 2 -1
ciMethod java/lang/Class checkMemberAccess (ILjava/lang/Class;Z)V 2049 1 7434 0 96
ciMethod java/lang/Class checkPackageAccess (Ljava/lang/ClassLoader;Z)V 161 1 50 0 -1
ciMethod java/lang/Class reflectionData ()Ljava/lang/Class$ReflectionData; 2049 1 5473 0 1312
ciMethod java/lang/Class newReflectionData (Ljava/lang/ref/SoftReference;I)Ljava/lang/Class$ReflectionData; 761 1 687 0 0
ciMethod java/lang/Class privateGetDeclaredMethods (Z)[Ljava/lang/reflect/Method; 3081 1 6701 0 0
ciMethod java/lang/Class privateGetPublicMethods ()[Ljava/lang/reflect/Method; 545 3001 1848 0 0
ciMethod java/lang/Class searchMethods ([Ljava/lang/reflect/Method;Ljava/lang/String;[Ljava/lang/Class;)Ljava/lang/reflect/Method; 2049 16449 2390 0 -1
ciMethod java/lang/Class arrayContentsEq ([Ljava/lang/Object;[Ljava/lang/Object;)Z 3073 1817 5607 0 0
ciMethod java/lang/Class copyMethods ([Ljava/lang/reflect/Method;)[Ljava/lang/reflect/Method; 393 2217 2118 0 960
ciMethod java/lang/Class getDeclaredMethods0 (Z)[Ljava/lang/reflect/Method; 3081 1 385 0 -1
ciMethod java/lang/Class argumentTypesToString ([Ljava/lang/Class;)Ljava/lang/String; 9 1 410 0 -1
ciMethod java/lang/Class getReflectionFactory ()Lsun/reflect/ReflectionFactory; 2049 1 8096 0 -1
ciMethod java/lang/Class checkInitted ()V 4097 1 13214 0 0
ciMethod java/lang/Class getDeclaredAnnotations ()[Ljava/lang/annotation/Annotation; 3441 1 8659 0 1088
ciMethod java/lang/Class annotationData ()Ljava/lang/Class$AnnotationData; 2545 1 12251 0 3616
ciMethod java/lang/Class createAnnotationData (I)Ljava/lang/Class$AnnotationData; 105 1 863 1 -1
ciMethod java/lang/Class access$300 ([Ljava/lang/Object;[Ljava/lang/Object;)Z 9 1 155 0 0
ciMethod java/lang/ClassLoader getClassLoader (Ljava/lang/Class;)Ljava/lang/ClassLoader; 73 1 1498 0 -1
ciMethod java/lang/System getSecurityManager ()Ljava/lang/SecurityManager; 4097 1 61578 0 0
ciMethod java/lang/System arraycopy (Ljava/lang/Object;ILjava/lang/Object;II)V 69633 1 8704 0 -1
ciMethod java/lang/SecurityManager checkPermission (Ljava/security/Permission;)V 0 0 1 0 -1
ciMethod java/lang/ref/Reference get ()Ljava/lang/Object; 5337 1 667 0 -1
ciMethod java/lang/ref/Reference <init> (Ljava/lang/Object;)V 2089 1 20799 0 0
ciMethod java/lang/ref/Reference <init> (Ljava/lang/Object;Ljava/lang/ref/ReferenceQueue;)V 4097 1 31403 0 96
ciMethod java/lang/ref/SoftReference <init> (Ljava/lang/Object;)V 2049 1 4703 0 0
ciMethod java/lang/ref/SoftReference get ()Ljava/lang/Object; 3289 1 33974 0 96
ciMethod java/util/Map get (Ljava/lang/Object;)Ljava/lang/Object; 0 0 1 0 -1
ciMethod java/util/Map put (Ljava/lang/Object;Ljava/lang/Object;)Ljava/lang/Object; 0 0 1 0 -1
ciMethod java/util/Map values ()Ljava/util/Collection; 0 0 1 0 -1
ciMethod java/lang/reflect/AccessibleObject getAnnotations ()[Ljava/lang/annotation/Annotation; 2057 1 3737 0 -1
ciMethod java/lang/reflect/AccessibleObject getDeclaredAnnotations ()[Ljava/lang/annotation/Annotation; 0 0 1 0 -1
ciMethod java/lang/reflect/Member getName ()Ljava/lang/String; 0 0 1 0 -1
ciMethod java/lang/reflect/Method getDeclaringClass ()Ljava/lang/Class; 1041 1 130 0 0
ciMethod java/lang/reflect/Method getName ()Ljava/lang/String; 3009 1 376 0 0
ciMethod java/lang/reflect/Method getModifiers ()I 1121 1 140 0 0
ciMethod java/lang/reflect/Method getReturnType ()Ljava/lang/Class; 1041 1 130 0 0
ciMethod java/lang/reflect/Method getParameterTypes ()[Ljava/lang/Class; 2129 1 78780 0 256
ciMethod java/lang/reflect/Method getParameterCount ()I 1641 1 3043 0 0
ciMethod java/lang/reflect/Method getGenericParameterTypes ()[Ljava/lang/reflect/Type; 2057 1 6619 0 -1
ciMethod java/lang/reflect/Method equals (Ljava/lang/Object;)Z 3649 1 12970 0 448
ciMethod java/lang/reflect/Method isBridge ()Z 3121 1 10580 0 0
ciMethod java/lang/reflect/Method isDefault ()Z 2049 1 13954 0 0
ciMethod java/lang/reflect/Method getDeclaredAnnotations ()[Ljava/lang/annotation/Annotation; 2073 1 6163 0 0
ciMethod java/lang/reflect/Executable getAnnotationBytes ()[B 0 0 1 0 -1
ciMethod java/lang/reflect/Executable getRoot ()Ljava/lang/reflect/Executable; 0 0 1 0 -1
ciMethod java/lang/reflect/Executable equalParamTypes ([Ljava/lang/Class;[Ljava/lang/Class;)Z 97 1 534 0 0
ciMethod java/lang/reflect/Executable getDeclaringClass ()Ljava/lang/Class; 0 0 1 0 -1
ciMethod java/lang/reflect/Executable getGenericParameterTypes ()[Ljava/lang/reflect/Type; 2057 1 7084 0 -1
ciMethod java/lang/reflect/Executable getDeclaredAnnotations ()[Ljava/lang/annotation/Annotation; 2049 1 6270 0 0
ciMethod java/lang/reflect/Executable declaredAnnotations ()Ljava/util/Map; 3073 1 6752 0 2688
ciMethod java/lang/annotation/Annotation annotationType ()Ljava/lang/Class; 0 0 1 0 -1
ciMethod java/lang/StringBuilder <init> ()V 4097 1 55039 0 -1
ciMethod java/lang/StringBuilder append (Ljava/lang/String;)Ljava/lang/StringBuilder; 4097 1 180003 0 -1
ciMethod java/lang/StringBuilder toString ()Ljava/lang/String; 4097 1 65233 0 -1
ciMethod sun/misc/Unsafe compareAndSwapObject (Ljava/lang/Object;JLjava/lang/Object;Ljava/lang/Object;)Z 3073 1 384 0 -1
ciMethod java/security/AccessController doPrivileged (Ljava/security/PrivilegedAction;)Ljava/lang/Object; 3073 1 384 0 -1
ciMethod java/util/Collection isEmpty ()Z 0 0 1 0 -1
ciMethod java/util/Collection toArray ([Ljava/lang/Object;)[Ljava/lang/Object; 0 0 1 0 -1
ciMethod java/util/List size ()I 0 0 1 0 -1
ciMethod java/util/List isEmpty ()Z 0 0 1 0 -1
ciMethod java/util/List iterator ()Ljava/util/Iterator; 0 0 1 0 -1
ciMethod java/util/List toArray ([Ljava/lang/Object;)[Ljava/lang/Object; 0 0 1 0 -1
ciMethod java/util/List add (Ljava/lang/Object;)Z 0 0 1 0 -1
ciMethod java/util/List addAll (ILjava/util/Collection;)Z 0 0 1 0 -1
ciMethod java/util/List get (I)Ljava/lang/Object; 0 0 1 0 -1
ciMethod java/util/AbstractList <init> ()V 2017 1 44162 0 0
ciMethod java/util/AbstractCollection <init> ()V 2937 1 81497 0 32
ciMethod java/util/AbstractCollection iterator ()Ljava/util/Iterator; 0 0 1 0 -1
ciMethod java/util/AbstractCollection size ()I 0 0 1 0 -1
ciMethod java/util/AbstractCollection toArray ([Ljava/lang/Object;)[Ljava/lang/Object; 2081 5657 4591 0 736
ciMethod java/util/AbstractCollection finishToArray ([Ljava/lang/Object;Ljava/util/Iterator;)[Ljava/lang/Object; 0 0 1 0 -1
ciMethod sun/reflect/ReflectionFactory copyMethod (Ljava/lang/reflect/Method;)Ljava/lang/reflect/Method; 2073 1 15852 0 -1
ciMethod java/util/ArrayList <init> (I)V 2065 1 5400 0 -1
ciMethod java/util/ArrayList <init> ()V 761 1 15632 0 64
ciMethod java/util/ArrayList calculateCapacity ([Ljava/lang/Object;I)I 3105 1 28820 0 -1
ciMethod java/util/ArrayList ensureCapacityInternal (I)V 3105 1 28772 0 -1
ciMethod java/util/ArrayList ensureExplicitCapacity (I)V 3105 1 28048 0 -1
ciMethod java/util/ArrayList grow (I)V 217 1 6221 0 -1
ciMethod java/util/ArrayList hugeCapacity (I)I 0 0 1 0 -1
ciMethod java/util/ArrayList size ()I 7393 1 924 0 0
ciMethod java/util/ArrayList elementData (I)Ljava/lang/Object; 4097 1 18106 0 0
ciMethod java/util/ArrayList get (I)Ljava/lang/Object; 4097 1 12112 0 128
ciMethod java/util/ArrayList add (Ljava/lang/Object;)Z 3105 1 23922 0 768
ciMethod java/util/ArrayList rangeCheck (I)V 4097 1 17985 0 64
ciMethod java/util/Collections emptySet ()Ljava/util/Set; 1177 1 9297 0 0
ciMethod java/util/Collections$EmptySet isEmpty ()Z 1161 1 145 0 0
ciMethod java/util/Collections$EmptySet toArray ([Ljava/lang/Object;)[Ljava/lang/Object; 4097 1 6841 0 96
ciMethod java/util/Set size ()I 0 0 1 0 -1
ciMethod java/util/Set isEmpty ()Z 0 0 1 0 -1
ciMethod java/util/Set contains (Ljava/lang/Object;)Z 0 0 1 0 -1
ciMethod java/util/Set iterator ()Ljava/util/Iterator; 0 0 1 0 -1
ciMethod java/util/Set add (Ljava/lang/Object;)Z 0 0 1 0 -1
ciMethod java/util/AbstractSet <init> ()V 481 1 34871 0 -1
ciMethod java/util/Collections$EmptyMap values ()Ljava/util/Collection; 4097 1 6858 0 64
ciMethod sun/misc/SharedSecrets getJavaLangAccess ()Lsun/misc/JavaLangAccess; 2177 1 10600 0 -1
ciMethod sun/reflect/Reflection getCallerClass ()Ljava/lang/Class; 2049 1 256 0 -1
ciMethod sun/reflect/Reflection filterMethods (Ljava/lang/Class;[Ljava/lang/reflect/Method;)[Ljava/lang/reflect/Method; 1097 1 929 0 0
ciMethod sun/reflect/Reflection filter ([Ljava/lang/reflect/Member;[Ljava/lang/String;)[Ljava/lang/reflect/Member; 1497 1 1276 0 0
ciMethod java/util/HashMap hash (Ljava/lang/Object;)I 4097 1 76296 0 160
ciMethod java/util/HashMap <init> ()V 745 1 24106 0 -1
ciMethod java/util/HashMap isEmpty ()Z 2057 1 2889 0 -1
ciMethod java/util/HashMap getNode (ILjava/lang/Object;)Ljava/util/HashMap$Node; 4097 73 11916 0 544
ciMethod java/util/HashMap containsKey (Ljava/lang/Object;)Z 1409 1 10858 0 640
ciMethod java/util/HashMap put (Ljava/lang/Object;Ljava/lang/Object;)Ljava/lang/Object; 4097 1 13512 0 -1
ciMethod java/util/HashMap keySet ()Ljava/util/Set; 2049 1 1189 0 -1
ciMethod java/lang/Math max (II)I 4097 1 94052 0 -1
ciMethod java/lang/Class$3 <init> ()V 57 1 7 0 -1
ciMethod java/lang/Class$ReflectionData <init> (I)V 2049 1 687 0 0
ciMethod java/lang/Class$Atomic casReflectionData (Ljava/lang/Class;Ljava/lang/ref/SoftReference;Ljava/lang/ref/SoftReference;)Z 2049 1 687 0 0
ciMethod java/lang/Class$Atomic casAnnotationData (Ljava/lang/Class;Ljava/lang/Class$AnnotationData;Ljava/lang/Class$AnnotationData;)Z 97 1 863 0 -1
ciMethod java/lang/reflect/Modifier isPrivate (I)Z 2065 1 5271 0 0
ciMethod java/lang/reflect/Modifier isStatic (I)Z 2121 1 15594 0 64
ciMethod java/lang/reflect/Modifier isAbstract (I)Z 3305 1 5340 0 0
ciMethod java/util/Arrays equals ([Ljava/lang/Object;[Ljava/lang/Object;)Z 3481 11025 5586 0 -1
ciMethod java/util/Arrays copyOf ([Ljava/lang/Object;I)[Ljava/lang/Object; 2049 1 8179 0 0
ciMethod java/util/Arrays copyOf ([Ljava/lang/Object;ILjava/lang/Class;)[Ljava/lang/Object; 2073 1 5637 0 -1
ciMethodData java/lang/Object <init> ()V 2 715676 orig 264 88 131 145 106 0 0 0 0 128 4 47 25 0 0 0 0 32 1 0 0 0 0 0 0 0 0 0 0 0 0 0 0 0 0 0 0 0 0 0 0 0 0 0 0 0 0 0 0 0 0 0 0 0 0 0 0 0 0 0 0 0 0 0 0 0 0 0 0 0 0 0 0 0 0 0 0 0 0 0 0 77 68 79 32 101 120 116 114 97 32 100 97 116 97 32 108 111 99 107 0 0 0 0 0 0 0 0 0 0 0 0 0 0 0 0 0 0 0 0 0 0 0 0 0 0 0 0 0 0 0 0 0 0 0 0 0 0 0 0 0 0 0 0 0 0 0 0 0 0 0 0 0 0 0 0 0 0 0 0 0 0 0 0 0 0 0 0 0 0 0 0 0 0 0 0 0 0 0 0 0 0 0 0 0 1 0 0 0 0 0 0 0 1 0 0 0 0 0 0 0 1 0 0 0 0 0 0 0 0 0 0 0 0 0 0 0 0 2 0 0 225 76 87 0 1 0 0 0 0 0 0 0 0 0 0 0 2 0 0 0 0 0 0 0 0 0 0 0 0 0 0 0 255 255 255 255 0 0 0 0 0 0 0 0 data 0 oops 0
ciMethod java/util/Iterator hasNext ()Z 0 0 1 0 -1
ciMethod java/util/Iterator next ()Ljava/lang/Object; 0 0 1 0 -1
ciMethod java/util/LinkedHashMap values ()Ljava/util/Collection; 2441 1 5444 0 192
ciMethod sun/misc/JavaLangAccess getConstantPool (Ljava/lang/Class;)Lsun/reflect/ConstantPool; 0 0 1 0 -1
ciMethod java/lang/reflect/Array newInstance (Ljava/lang/Class;I)Ljava/lang/Object; 825 1 15359 0 0
ciMethod java/lang/reflect/Array newArray (Ljava/lang/Class;I)Ljava/lang/Object; 3081 1 385 0 -1
ciMethodData sun/reflect/Reflection filter ([Ljava/lang/reflect/Member;[Ljava/lang/String;)[Ljava/lang/reflect/Member; 2 1287 orig 264 88 131 145 106 0 0 0 0 72 108 61 25 0 0 0 0 80 4 0 0 168 1 0 0 0 0 0 0 0 0 0 0 0 0 0 0 0 0 0 0 0 0 0 0 0 0 0 0 0 0 0 0 0 0 0 0 0 0 0 0 0 0 0 0 0 0 0 0 0 0 0 0 0 0 0 0 0 0 0 0 77 68 79 32 101 120 116 114 97 32 100 97 116 97 32 108 111 99 107 0 0 0 0 0 0 0 0 0 0 0 0 0 0 0 0 0 0 0 0 0 0 0 0 0 0 0 0 0 0 0 0 0 0 0 0 0 0 0 0 0 0 0 0 0 0 0 0 0 0 0 0 0 0 0 0 0 0 0 0 0 0 0 0 0 0 0 0 0 0 0 0 0 0 0 0 0 0 0 0 0 0 0 0 0 0 0 0 0 0 0 0 0 0 0 0 0 0 0 0 0 0 0 0 0 0 0 0 0 0 0 0 0 0 0 0 0 187 0 0 0 97 34 0 0 1 0 0 0 0 0 0 0 0 0 0 0 2 0 0 0 4 0 32 0 2 0 0 0 0 3 0 0 255 255 255 255 7 0 1 0 0 0 0 0 data 96 0x10007 0x44c 0x40 0x0 0x60007 0x0 0x20 0x0 0x1a0007 0x0 0xf8 0x0 0x350007 0x0 0xa0 0x0 0x410005 0x0 0x0 0x0 0x0 0x0 0x480007 0x0 0x38 0x0 0x4e0003 0x0 0x30 0x540003 0x0 0xffffffffffffff78 0x590007 0x0 0x20 0x0 0x620003 0x0 0xffffffffffffff20 0x680005 0x0 0x0 0x0 0x0 0x0 0x6c0002 0x0 0x6f0004 0x0 0x0 0x0 0x0 0x0 0x720004 0x0 0x0 0x0 0x0 0x0 0x880007 0x0 0x128 0x0 0xa40007 0x0 0xa0 0x0 0xb00005 0x0 0x0 0x0 0x0 0x0 0xb70007 0x0 0x38 0x0 0xbd0003 0x0 0x30 0xc30003 0x0 0xffffffffffffff78 0xc80007 0x0 0x50 0x0 0xd30004 0x0 0x0 0x0 0x0 0x0 0xd70003 0x0 0xfffffffffffffef0 oops 0
ciMethod java/util/concurrent/locks/ReentrantLock lock ()V 361 1 2458 0 -1
ciMethod java/util/concurrent/locks/ReentrantLock unlock ()V 393 1 2459 0 -1
ciMethod java/util/HashMap$TreeNode getTreeNode (ILjava/lang/Object;)Ljava/util/HashMap$TreeNode; 0 0 1 0 -1
ciMethod java/util/HashSet <init> ()V 441 1 11478 0 192
ciMethod java/util/HashSet iterator ()Ljava/util/Iterator; 3089 1 5818 0 1344
ciMethod java/util/HashSet isEmpty ()Z 2049 1 1370 0 0
ciMethod java/util/HashSet contains (Ljava/lang/Object;)Z 3433 1 13568 0 1376
ciMethod java/util/HashSet add (Ljava/lang/Object;)Z 2049 1 8442 0 3168
ciMethodData java/util/HashMap hash (Ljava/lang/Object;)I 2 76296 orig 264 88 131 145 106 0 0 0 0 104 136 61 25 0 0 0 0 176 1 0 0 0 0 0 0 0 0 0 0 0 0 0 0 0 0 0 0 0 0 0 0 0 0 0 0 0 0 0 0 0 0 0 0 0 0 0 0 0 0 0 0 0 0 0 0 0 0 0 0 0 0 0 0 0 0 0 0 0 0 0 0 77 68 79 32 101 120 116 114 97 32 100 97 116 97 32 108 111 99 107 0 0 0 0 0 0 0 0 0 0 0 0 0 0 0 0 0 0 0 0 0 0 0 0 0 0 0 0 0 0 0 0 0 0 0 0 0 0 0 0 0 0 0 0 0 1 0 0 0 0 0 0 0 0 0 0 0 0 0 0 0 0 0 0 0 0 0 0 0 0 0 0 0 0 0 0 0 0 0 0 2 0 0 0 0 17 0 0 0 0 0 0 0 0 0 0 0 0 0 0 0 0 0 0 0 0 0 0 0 0 0 0 0 0 0 0 0 0 2 0 0 65 64 9 0 1 0 0 0 108 134 0 0 0 0 0 0 2 0 0 0 0 0 6 0 2 0 0 0 104 0 0 0 255 255 255 255 7 224 1 0 0 0 0 0 data 13 0x1e007 0x12803 0x38 0x7 0x50003 0x7 0x48 0x90005 0x477f 0x4ca9840 0xdfca 0x1c5c8700 0xbb oops 2